# JRE version: Java(TM) SE Runtime Environment (8.0_111-b14) (build 1.8.0_111-b14)
# Java VM: Java HotSpot(TM) 64-Bit Server VM (25.111-b14 mixed mode windows-amd64 compressed oops)
Heap:
 PSYoungGen      total 24576K, used 8376K [0x00000000eab00000, 0x00000000ece80000, 0x0000000100000000)
  eden space 16896K, 19% used [0x00000000eab00000,0x00000000eae3e310,0x00000000ebb80000)
  from space 7680K, 65% used [0x00000000ec280000,0x00000000ec770020,0x00000000eca00000)
  to   space 7168K, 0% used [0x00000000ebb80000,0x00000000ebb80000,0x00000000ec280000)
 ParOldGen       total 44544K, used 12777K [0x00000000c0000000, 0x00000000c2b80000, 0x00000000eab00000)
  object space 44544K, 28% used [0x00000000c0000000,0x00000000c0c7a5a8,0x00000000c2b80000)
 Metaspace       used 26042K, capacity 27004K, committed 27136K, reserved 1073152K
  class space    used 3544K, capacity 3752K, committed 3840K, reserved 1048576K
GC Heap History (10 events):
Event: 16.043 GC heap before
{Heap before GC invocations=3 (full 0):
 PSYoungGen      total 18944K, used 18944K [0x00000000eab00000, 0x00000000ec000000, 0x0000000100000000)
  eden space 16384K, 100% used [0x00000000eab00000,0x00000000ebb00000,0x00000000ebb00000)
  from space 2560K, 100% used [0x00000000ebd80000,0x00000000ec000000,0x00000000ec000000)
  to   space 2560K, 0% used [0x00000000ebb00000,0x00000000ebb00000,0x00000000ebd80000)
 ParOldGen       total 44032K, used 4477K [0x00000000c0000000, 0x00000000c2b00000, 0x00000000eab00000)
  object space 44032K, 10% used [0x00000000c0000000,0x00000000c045f540,0x00000000c2b00000)
 Metaspace       used 16958K, capacity 17472K, committed 17664K, reserved 1064960K
  class space    used 2170K, capacity 2293K, committed 2304K, reserved 1048576K
Event: 16.057 GC heap after
Heap after GC invocations=3 (full 0):
 PSYoungGen      total 18944K, used 2560K [0x00000000eab00000, 0x00000000ec000000, 0x0000000100000000)
  eden space 16384K, 0% used [0x00000000eab00000,0x00000000eab00000,0x00000000ebb00000)
  from space 2560K, 100% used [0x00000000ebb00000,0x00000000ebd80000,0x00000000ebd80000)
  to   space 2560K, 0% used [0x00000000ebd80000,0x00000000ebd80000,0x00000000ec000000)
 ParOldGen       total 44032K, used 6777K [0x00000000c0000000, 0x00000000c2b00000, 0x00000000eab00000)
  object space 44032K, 15% used [0x00000000c0000000,0x00000000c069e4c8,0x00000000c2b00000)
 Metaspace       used 16958K, capacity 17472K, committed 17664K, reserved 1064960K
  class space    used 2170K, capacity 2293K, committed 2304K, reserved 1048576K
}
Event: 17.629 GC heap before
{Heap before GC invocations=4 (full 0):
 PSYoungGen      total 18944K, used 18944K [0x00000000eab00000, 0x00000000ec000000, 0x0000000100000000)
  eden space 16384K, 100% used [0x00000000eab00000,0x00000000ebb00000,0x00000000ebb00000)
  from space 2560K, 100% used [0x00000000ebb00000,0x00000000ebd80000,0x00000000ebd80000)
  to   space 2560K, 0% used [0x00000000ebd80000,0x00000000ebd80000,0x00000000ec000000)
 ParOldGen       total 44032K, used 6777K [0x00000000c0000000, 0x00000000c2b00000, 0x00000000eab00000)
  object space 44032K, 15% used [0x00000000c0000000,0x00000000c069e4c8,0x00000000c2b00000)
 Metaspace       used 18924K, capacity 19430K, committed 19712K, reserved 1067008K
  class space    used 2330K, capacity 2485K, committed 2560K, reserved 1048576K
Event: 17.642 GC heap after
Heap after GC invocations=4 (full 0):
 PSYoungGen      total 18944K, used 2560K [0x00000000eab00000, 0x00000000ec000000, 0x0000000100000000)
  eden space 16384K, 0% used [0x00000000eab00000,0x00000000eab00000,0x00000000ebb00000)
  from space 2560K, 100% used [0x00000000ebd80000,0x00000000ec000000,0x00000000ec000000)
  to   space 2560K, 0% used [0x00000000ebb00000,0x00000000ebb00000,0x00000000ebd80000)
 ParOldGen       total 44032K, used 10348K [0x00000000c0000000, 0x00000000c2b00000, 0x00000000eab00000)
  object space 44032K, 23% used [0x00000000c0000000,0x00000000c0a1b3b0,0x00000000c2b00000)
 Metaspace       used 18924K, capacity 19430K, committed 19712K, reserved 1067008K
  class space    used 2330K, capacity 2485K, committed 2560K, reserved 1048576K
}
Event: 19.075 GC heap before
{Heap before GC invocations=5 (full 0):
 PSYoungGen      total 18944K, used 8762K [0x00000000eab00000, 0x00000000ec000000, 0x0000000100000000)
  eden space 16384K, 37% used [0x00000000eab00000,0x00000000eb10e8b8,0x00000000ebb00000)
  from space 2560K, 100% used [0x00000000ebd80000,0x00000000ec000000,0x00000000ec000000)
  to   space 2560K, 0% used [0x00000000ebb00000,0x00000000ebb00000,0x00000000ebd80000)
 ParOldGen       total 44032K, used 10348K [0x00000000c0000000, 0x00000000c2b00000, 0x00000000eab00000)
  object space 44032K, 23% used [0x00000000c0000000,0x00000000c0a1b3b0,0x00000000c2b00000)
 Metaspace       used 20692K, capacity 21128K, committed 21248K, reserved 1067008K
  class space    used 2640K, capacity 2774K, committed 2816K, reserved 1048576K
Event: 19.089 GC heap after
Heap after GC invocations=5 (full 0):
 PSYoungGen      total 18944K, used 2560K [0x00000000eab00000, 0x00000000eca00000, 0x0000000100000000)
  eden space 16384K, 0% used [0x00000000eab00000,0x00000000eab00000,0x00000000ebb00000)
  from space 2560K, 100% used [0x00000000ebb00000,0x00000000ebd80000,0x00000000ebd80000)
  to   space 7680K, 0% used [0x00000000ec280000,0x00000000ec280000,0x00000000eca00000)
 ParOldGen       total 44032K, used 11561K [0x00000000c0000000, 0x00000000c2b00000, 0x00000000eab00000)
  object space 44032K, 26% used [0x00000000c0000000,0x00000000c0b4a698,0x00000000c2b00000)
 Metaspace       used 20692K, capacity 21128K, committed 21248K, reserved 1067008K
  class space    used 2640K, capacity 2774K, committed 2816K, reserved 1048576K
}
Event: 19.089 GC heap before
{Heap before GC invocations=6 (full 1):
 PSYoungGen      total 18944K, used 2560K [0x00000000eab00000, 0x00000000eca00000, 0x0000000100000000)
  eden space 16384K, 0% used [0x00000000eab00000,0x00000000eab00000,0x00000000ebb00000)
  from space 2560K, 100% used [0x00000000ebb00000,0x00000000ebd80000,0x00000000ebd80000)
  to   space 7680K, 0% used [0x00000000ec280000,0x00000000ec280000,0x00000000eca00000)
 ParOldGen       total 44032K, used 11561K [0x00000000c0000000, 0x00000000c2b00000, 0x00000000eab00000)
  object space 44032K, 26% used [0x00000000c0000000,0x00000000c0b4a698,0x00000000c2b00000)
 Metaspace       used 20692K, capacity 21128K, committed 21248K, reserved 1067008K
  class space    used 2640K, capacity 2774K, committed 2816K, reserved 1048576K
Event: 19.275 GC heap after
Heap after GC invocations=6 (full 1):
 PSYoungGen      total 18944K, used 0K [0x00000000eab00000, 0x00000000eca00000, 0x0000000100000000)
  eden space 16384K, 0% used [0x00000000eab00000,0x00000000eab00000,0x00000000ebb00000)
  from space 2560K, 0% used [0x00000000ebb00000,0x00000000ebb00000,0x00000000ebd80000)
  to   space 7680K, 0% used [0x00000000ec280000,0x00000000ec280000,0x00000000eca00000)
 ParOldGen       total 44544K, used 12769K [0x00000000c0000000, 0x00000000c2b80000, 0x00000000eab00000)
  object space 44544K, 28% used [0x00000000c0000000,0x00000000c0c785a8,0x00000000c2b80000)
 Metaspace       used 20692K, capacity 21128K, committed 21248K, reserved 1067008K
  class space    used 2640K, capacity 2774K, committed 2816K, reserved 1048576K
}
Event: 34.397 GC heap before
{Heap before GC invocations=7 (full 1):
 PSYoungGen      total 18944K, used 16384K [0x00000000eab00000, 0x00000000eca00000, 0x0000000100000000)
  eden space 16384K, 100% used [0x00000000eab00000,0x00000000ebb00000,0x00000000ebb00000)
  from space 2560K, 0% used [0x00000000ebb00000,0x00000000ebb00000,0x00000000ebd80000)
  to   space 7680K, 0% used [0x00000000ec280000,0x00000000ec280000,0x00000000eca00000)
 ParOldGen       total 44544K, used 12769K [0x00000000c0000000, 0x00000000c2b80000, 0x00000000eab00000)
  object space 44544K, 28% used [0x00000000c0000000,0x00000000c0c785a8,0x00000000c2b80000)
 Metaspace       used 25322K, capacity 26236K, committed 26240K, reserved 1071104K
  class space    used 3493K, capacity 3712K, committed 3712K, reserved 1048576K
Event: 34.412 GC heap after
Heap after GC invocations=7 (full 1):
 PSYoungGen      total 24576K, used 5056K [0x00000000eab00000, 0x00000000ece80000, 0x0000000100000000)
  eden space 16896K, 0% used [0x00000000eab00000,0x00000000eab00000,0x00000000ebb80000)
  from space 7680K, 65% used [0x00000000ec280000,0x00000000ec770020,0x00000000eca00000)
  to   space 7168K, 0% used [0x00000000ebb80000,0x00000000ebb80000,0x00000000ec280000)
 ParOldGen       total 44544K, used 12777K [0x00000000c0000000, 0x00000000c2b80000, 0x00000000eab00000)
  object space 44544K, 28% used [0x00000000c0000000,0x00000000c0c7a5a8,0x00000000c2b80000)
 Metaspace       used 25322K, capacity 26236K, committed 26240K, reserved 1071104K
  class space    used 3493K, capacity 3712K, committed 3712K, reserved 1048576K
}

