# JRE version: Java(TM) SE Runtime Environment (8.0_111-b14) (build 1.8.0_111-b14)
# Java VM: Java HotSpot(TM) 64-Bit Server VM (25.111-b14 mixed mode windows-amd64 compressed oops)
Heap:
 PSYoungGen      total 29696K, used 16454K [0x00000000eab00000, 0x00000000ed600000, 0x0000000100000000)
  eden space 25600K, 48% used [0x00000000eab00000,0x00000000eb721ad8,0x00000000ec400000)
  from space 4096K, 98% used [0x00000000ed200000,0x00000000ed5f0010,0x00000000ed600000)
  to   space 7168K, 0% used [0x00000000ec800000,0x00000000ec800000,0x00000000ecf00000)
 ParOldGen       total 37888K, used 9858K [0x00000000c0000000, 0x00000000c2500000, 0x00000000eab00000)
  object space 37888K, 26% used [0x00000000c0000000,0x00000000c09a0968,0x00000000c2500000)
 Metaspace       used 28112K, capacity 29040K, committed 29312K, reserved 1075200K
  class space    used 3725K, capacity 3921K, committed 3968K, reserved 1048576K
GC Heap History (10 events):
Event: 4.923 GC heap before
{Heap before GC invocations=3 (full 0):
 PSYoungGen      total 18944K, used 18943K [0x00000000eab00000, 0x00000000ec000000, 0x0000000100000000)
  eden space 16384K, 100% used [0x00000000eab00000,0x00000000ebb00000,0x00000000ebb00000)
  from space 2560K, 99% used [0x00000000ebd80000,0x00000000ebfffc30,0x00000000ec000000)
  to   space 2560K, 0% used [0x00000000ebb00000,0x00000000ebb00000,0x00000000ebd80000)
 ParOldGen       total 44032K, used 4507K [0x00000000c0000000, 0x00000000c2b00000, 0x00000000eab00000)
  object space 44032K, 10% used [0x00000000c0000000,0x00000000c0466f50,0x00000000c2b00000)
 Metaspace       used 16945K, capacity 17456K, committed 17664K, reserved 1064960K
  class space    used 2170K, capacity 2293K, committed 2304K, reserved 1048576K
Event: 4.930 GC heap after
Heap after GC invocations=3 (full 0):
 PSYoungGen      total 18944K, used 2550K [0x00000000eab00000, 0x00000000ec000000, 0x0000000100000000)
  eden space 16384K, 0% used [0x00000000eab00000,0x00000000eab00000,0x00000000ebb00000)
  from space 2560K, 99% used [0x00000000ebb00000,0x00000000ebd7d920,0x00000000ebd80000)
  to   space 2560K, 0% used [0x00000000ebd80000,0x00000000ebd80000,0x00000000ec000000)
 ParOldGen       total 44032K, used 6561K [0x00000000c0000000, 0x00000000c2b00000, 0x00000000eab00000)
  object space 44032K, 14% used [0x00000000c0000000,0x00000000c0668640,0x00000000c2b00000)
 Metaspace       used 16945K, capacity 17456K, committed 17664K, reserved 1064960K
  class space    used 2170K, capacity 2293K, committed 2304K, reserved 1048576K
}
Event: 5.820 GC heap before
{Heap before GC invocations=4 (full 0):
 PSYoungGen      total 18944K, used 18934K [0x00000000eab00000, 0x00000000ec000000, 0x0000000100000000)
  eden space 16384K, 100% used [0x00000000eab00000,0x00000000ebb00000,0x00000000ebb00000)
  from space 2560K, 99% used [0x00000000ebb00000,0x00000000ebd7d920,0x00000000ebd80000)
  to   space 2560K, 0% used [0x00000000ebd80000,0x00000000ebd80000,0x00000000ec000000)
 ParOldGen       total 44032K, used 6561K [0x00000000c0000000, 0x00000000c2b00000, 0x00000000eab00000)
  object space 44032K, 14% used [0x00000000c0000000,0x00000000c0668640,0x00000000c2b00000)
 Metaspace       used 18831K, capacity 19350K, committed 19456K, reserved 1067008K
  class space    used 2330K, capacity 2485K, committed 2560K, reserved 1048576K
Event: 5.832 GC heap after
Heap after GC invocations=4 (full 0):
 PSYoungGen      total 18944K, used 2544K [0x00000000eab00000, 0x00000000ec000000, 0x0000000100000000)
  eden space 16384K, 0% used [0x00000000eab00000,0x00000000eab00000,0x00000000ebb00000)
  from space 2560K, 99% used [0x00000000ebd80000,0x00000000ebffc010,0x00000000ec000000)
  to   space 2560K, 0% used [0x00000000ebb00000,0x00000000ebb00000,0x00000000ebd80000)
 ParOldGen       total 44032K, used 9881K [0x00000000c0000000, 0x00000000c2b00000, 0x00000000eab00000)
  object space 44032K, 22% used [0x00000000c0000000,0x00000000c09a67b8,0x00000000c2b00000)
 Metaspace       used 18831K, capacity 19350K, committed 19456K, reserved 1067008K
  class space    used 2330K, capacity 2485K, committed 2560K, reserved 1048576K
}
Event: 6.224 GC heap before
{Heap before GC invocations=5 (full 0):
 PSYoungGen      total 18944K, used 8725K [0x00000000eab00000, 0x00000000ec000000, 0x0000000100000000)
  eden space 16384K, 37% used [0x00000000eab00000,0x00000000eb109658,0x00000000ebb00000)
  from space 2560K, 99% used [0x00000000ebd80000,0x00000000ebffc010,0x00000000ec000000)
  to   space 2560K, 0% used [0x00000000ebb00000,0x00000000ebb00000,0x00000000ebd80000)
 ParOldGen       total 44032K, used 9881K [0x00000000c0000000, 0x00000000c2b00000, 0x00000000eab00000)
  object space 44032K, 22% used [0x00000000c0000000,0x00000000c09a67b8,0x00000000c2b00000)
 Metaspace       used 20687K, capacity 21176K, committed 21248K, reserved 1067008K
  class space    used 2642K, capacity 2774K, committed 2816K, reserved 1048576K
Event: 6.235 GC heap after
Heap after GC invocations=5 (full 0):
 PSYoungGen      total 18944K, used 2544K [0x00000000eab00000, 0x00000000ed900000, 0x0000000100000000)
  eden space 16384K, 0% used [0x00000000eab00000,0x00000000eab00000,0x00000000ebb00000)
  from space 2560K, 99% used [0x00000000ebb00000,0x00000000ebd7c010,0x00000000ebd80000)
  to   space 7168K, 0% used [0x00000000ed200000,0x00000000ed200000,0x00000000ed900000)
 ParOldGen       total 44032K, used 11174K [0x00000000c0000000, 0x00000000c2b00000, 0x00000000eab00000)
  object space 44032K, 25% used [0x00000000c0000000,0x00000000c0ae9b90,0x00000000c2b00000)
 Metaspace       used 20687K, capacity 21176K, committed 21248K, reserved 1067008K
  class space    used 2642K, capacity 2774K, committed 2816K, reserved 1048576K
}
Event: 6.235 GC heap before
{Heap before GC invocations=6 (full 1):
 PSYoungGen      total 18944K, used 2544K [0x00000000eab00000, 0x00000000ed900000, 0x0000000100000000)
  eden space 16384K, 0% used [0x00000000eab00000,0x00000000eab00000,0x00000000ebb00000)
  from space 2560K, 99% used [0x00000000ebb00000,0x00000000ebd7c010,0x00000000ebd80000)
  to   space 7168K, 0% used [0x00000000ed200000,0x00000000ed200000,0x00000000ed900000)
 ParOldGen       total 44032K, used 11174K [0x00000000c0000000, 0x00000000c2b00000, 0x00000000eab00000)
  object space 44032K, 25% used [0x00000000c0000000,0x00000000c0ae9b90,0x00000000c2b00000)
 Metaspace       used 20687K, capacity 21176K, committed 21248K, reserved 1067008K
  class space    used 2642K, capacity 2774K, committed 2816K, reserved 1048576K
Event: 6.293 GC heap after
Heap after GC invocations=6 (full 1):
 PSYoungGen      total 18944K, used 0K [0x00000000eab00000, 0x00000000ed900000, 0x0000000100000000)
  eden space 16384K, 0% used [0x00000000eab00000,0x00000000eab00000,0x00000000ebb00000)
  from space 2560K, 0% used [0x00000000ebb00000,0x00000000ebb00000,0x00000000ebd80000)
  to   space 7168K, 0% used [0x00000000ed200000,0x00000000ed200000,0x00000000ed900000)
 ParOldGen       total 37888K, used 9858K [0x00000000c0000000, 0x00000000c2500000, 0x00000000eab00000)
  object space 37888K, 26% used [0x00000000c0000000,0x00000000c09a0968,0x00000000c2500000)
 Metaspace       used 20687K, capacity 21176K, committed 21248K, reserved 1067008K
  class space    used 2642K, capacity 2774K, committed 2816K, reserved 1048576K
}
Event: 7.823 GC heap before
{Heap before GC invocations=7 (full 1):
 PSYoungGen      total 18944K, used 15408K [0x00000000eab00000, 0x00000000ed900000, 0x0000000100000000)
  eden space 16384K, 94% used [0x00000000eab00000,0x00000000eba0c208,0x00000000ebb00000)
  from space 2560K, 0% used [0x00000000ebb00000,0x00000000ebb00000,0x00000000ebd80000)
  to   space 7168K, 0% used [0x00000000ed200000,0x00000000ed200000,0x00000000ed900000)
 ParOldGen       total 37888K, used 9858K [0x00000000c0000000, 0x00000000c2500000, 0x00000000eab00000)
  object space 37888K, 26% used [0x00000000c0000000,0x00000000c09a0968,0x00000000c2500000)
 Metaspace       used 25285K, capacity 26232K, committed 26368K, reserved 1071104K
  class space    used 3489K, capacity 3714K, committed 3840K, reserved 1048576K
Event: 7.837 GC heap after
Heap after GC invocations=7 (full 1):
 PSYoungGen      total 29696K, used 4032K [0x00000000eab00000, 0x00000000ed600000, 0x0000000100000000)
  eden space 25600K, 0% used [0x00000000eab00000,0x00000000eab00000,0x00000000ec400000)
  from space 4096K, 98% used [0x00000000ed200000,0x00000000ed5f0010,0x00000000ed600000)
  to   space 7168K, 0% used [0x00000000ec800000,0x00000000ec800000,0x00000000ecf00000)
 ParOldGen       total 37888K, used 9858K [0x00000000c0000000, 0x00000000c2500000, 0x00000000eab00000)
  object space 37888K, 26% used [0x00000000c0000000,0x00000000c09a0968,0x00000000c2500000)
 Metaspace       used 25285K, capacity 26232K, committed 26368K, reserved 1071104K
  class space    used 3489K, capacity 3714K, committed 3840K, reserved 1048576K
}

